<?xml version="1.0" encoding="UTF-8"?>
<!-- Generated by org.testng.reporters.JUnitReportReporter -->
<testsuite skipped="0" hostname="Ujwal" name="Test.TC003_AddToCart" tests="1" failures="0" timestamp="2022-11-01T10:55:03 IST" time="1.254" errors="0">
  <testcase name="VerifyAddtocart" time="1.254" classname="Test.TC003_AddToCart"/>
  <system-out/>
</testsuite> <!-- Test.TC003_AddToCart -->
