<?xml version="1.0" encoding="UTF-8"?>
<!-- Generated by org.testng.reporters.JUnitReportReporter -->
<testsuite skipped="0" hostname="Ujwal" name="Test.TC001_LoginFunctionality" tests="1" failures="0" timestamp="2022-11-01T10:55:03 IST" time="1.159" errors="0">
  <testcase name="verifylogin" time="1.159" classname="Test.TC001_LoginFunctionality"/>
  <system-out/>
</testsuite> <!-- Test.TC001_LoginFunctionality -->
